<?xml version="1.0" encoding="UTF-8"?>
<!-- Generated by org.testng.reporters.JUnitXMLReporter -->
<testsuite ignored="0" hostname="LIN24007907" failures="0" tests="3" name="Default test" time="15.64" errors="0" timestamp="21 May 2022 08:32:29 GMT">
  <testcase classname="flipkarttest.sampletest.DummyFlipkartTest" name="searchPhoneInPage" time="2.65"/>
  <testcase classname="flipkarttest.sampletest.DummyFlipkartTest" name="clickOnFirstItem" time="0.651"/>
  <testcase classname="flipkarttest.sampletest.DummyFlipkartTest" name="printPriceAddToCart" time="7.443"/>
</testsuite> <!-- Default test -->
