<?xml version="1.0" encoding="UTF-8"?>
<!-- Generated by org.testng.reporters.JUnitXMLReporter -->
<testsuite ignored="0" hostname="LIN24007907" failures="0" tests="3" name="Surefire test" time="15.633" errors="0" timestamp="2022-05-21T14:02:56 IST">
  <testcase classname="flipkarttest.sampletest.DummyFlipkartTest" name="searchPhoneInPage" time="2.749"/>
  <testcase classname="flipkarttest.sampletest.DummyFlipkartTest" name="clickOnFirstItem" time="0.715"/>
  <testcase classname="flipkarttest.sampletest.DummyFlipkartTest" name="printPriceAddToCart" time="7.501"/>
</testsuite> <!-- Surefire test -->
