<?xml version="1.0" encoding="UTF-8"?>
<testng-results ignored="0" total="3" passed="3" failed="0" skipped="0">
  <reporter-output>
  </reporter-output>
  <suite started-at="2022-05-21T14:02:40 IST" name="Surefire suite" finished-at="2022-05-21T14:02:56 IST" duration-ms="15633">
    <groups>
    </groups>
    <test started-at="2022-05-21T14:02:40 IST" name="Surefire test" finished-at="2022-05-21T14:02:56 IST" duration-ms="15633">
      <class name="flipkarttest.sampletest.DummyFlipkartTest">
        <test-method is-config="true" signature="setUp()[pri:0, instance:flipkarttest.sampletest.DummyFlipkartTest@525b461a]" started-at="2022-05-21T14:02:40 IST" name="setUp" finished-at="2022-05-21T14:02:45 IST" duration-ms="4436" status="PASS">
          <reporter-output>
          </reporter-output>
        </test-method> <!-- setUp -->
        <test-method signature="searchPhoneInPage()[pri:1, instance:flipkarttest.sampletest.DummyFlipkartTest@525b461a]" started-at="2022-05-21T14:02:45 IST" name="searchPhoneInPage" finished-at="2022-05-21T14:02:47 IST" duration-ms="2749" status="PASS">
          <reporter-output>
          </reporter-output>
        </test-method> <!-- searchPhoneInPage -->
        <test-method signature="clickOnFirstItem()[pri:2, instance:flipkarttest.sampletest.DummyFlipkartTest@525b461a]" started-at="2022-05-21T14:02:47 IST" name="clickOnFirstItem" finished-at="2022-05-21T14:02:48 IST" duration-ms="715" status="PASS">
          <reporter-output>
          </reporter-output>
        </test-method> <!-- clickOnFirstItem -->
        <test-method signature="printPriceAddToCart()[pri:3, instance:flipkarttest.sampletest.DummyFlipkartTest@525b461a]" started-at="2022-05-21T14:02:48 IST" name="printPriceAddToCart" finished-at="2022-05-21T14:02:56 IST" duration-ms="7501" status="PASS">
          <reporter-output>
          </reporter-output>
        </test-method> <!-- printPriceAddToCart -->
        <test-method is-config="true" signature="tearDown()[pri:0, instance:flipkarttest.sampletest.DummyFlipkartTest@525b461a]" started-at="2022-05-21T14:02:56 IST" name="tearDown" finished-at="2022-05-21T14:02:56 IST" duration-ms="193" status="PASS">
          <reporter-output>
          </reporter-output>
        </test-method> <!-- tearDown -->
      </class> <!-- flipkarttest.sampletest.DummyFlipkartTest -->
    </test> <!-- Surefire test -->
  </suite> <!-- Surefire suite -->
</testng-results>
