<?xml version="1.0" encoding="UTF-8"?>
<testsuite xmlns:xsi="http://www.w3.org/2001/XMLSchema-instance" xsi:noNamespaceSchemaLocation="https://maven.apache.org/surefire/maven-surefire-plugin/xsd/surefire-test-report.xsd" name="TestSuite" time="16.161" tests="4" errors="0" skipped="0" failures="0">
  <properties>
[...]
</properties>
  <testcase name="searchPhoneInPage" classname="flipkarttest.sampletest.DummyFlipkartTest" time="2.75"/>
  <testcase name="clickOnFirstItem" classname="flipkarttest.sampletest.DummyFlipkartTest" time="0.716"/>
  <testcase name="printPriceAddToCart" classname="flipkarttest.sampletest.DummyFlipkartTest" time="7.501"/>
  <testcase name="shouldAnswerWithTrue on shouldAnswerWithTrue(flipkarttest.sampletest.AppTest)" classname="flipkarttest.sampletest.AppTest" time="0.001"/>
</testsuite>