<?xml version="1.0" encoding="UTF-8"?>
<testng-results ignored="0" total="3" passed="3" failed="0" skipped="0">
  <reporter-output>
  </reporter-output>
  <suite started-at="2022-05-21T08:32:14Z" name="Default suite" finished-at="2022-05-21T08:32:29Z" duration-ms="15640">
    <groups>
    </groups>
    <test started-at="2022-05-21T08:32:14Z" name="Default test" finished-at="2022-05-21T08:32:29Z" duration-ms="15640">
      <class name="flipkarttest.sampletest.DummyFlipkartTest">
        <test-method is-config="true" signature="setUp()[pri:0, instance:flipkarttest.sampletest.DummyFlipkartTest@7fc2413d]" started-at="2022-05-21T14:02:14Z" name="setUp" finished-at="2022-05-21T14:02:19Z" duration-ms="4708" status="PASS">
          <reporter-output>
          </reporter-output>
        </test-method> <!-- setUp -->
        <test-method signature="searchPhoneInPage()[pri:1, instance:flipkarttest.sampletest.DummyFlipkartTest@7fc2413d]" started-at="2022-05-21T14:02:19Z" name="searchPhoneInPage" finished-at="2022-05-21T14:02:21Z" duration-ms="2650" status="PASS">
          <reporter-output>
          </reporter-output>
        </test-method> <!-- searchPhoneInPage -->
        <test-method signature="clickOnFirstItem()[pri:2, instance:flipkarttest.sampletest.DummyFlipkartTest@7fc2413d]" started-at="2022-05-21T14:02:21Z" name="clickOnFirstItem" finished-at="2022-05-21T14:02:22Z" duration-ms="651" status="PASS">
          <reporter-output>
          </reporter-output>
        </test-method> <!-- clickOnFirstItem -->
        <test-method signature="printPriceAddToCart()[pri:3, instance:flipkarttest.sampletest.DummyFlipkartTest@7fc2413d]" started-at="2022-05-21T14:02:22Z" name="printPriceAddToCart" finished-at="2022-05-21T14:02:29Z" duration-ms="7443" status="PASS">
          <reporter-output>
          </reporter-output>
        </test-method> <!-- printPriceAddToCart -->
        <test-method is-config="true" signature="tearDown()[pri:0, instance:flipkarttest.sampletest.DummyFlipkartTest@7fc2413d]" started-at="2022-05-21T14:02:29Z" name="tearDown" finished-at="2022-05-21T14:02:29Z" duration-ms="157" status="PASS">
          <reporter-output>
          </reporter-output>
        </test-method> <!-- tearDown -->
      </class> <!-- flipkarttest.sampletest.DummyFlipkartTest -->
    </test> <!-- Default test -->
  </suite> <!-- Default suite -->
</testng-results>
